2025-08-21 11:55:03.752 [main] INFO  c.r.customer.CustomerApplication - Starting CustomerApplication using Java 1.8.0_451 on DESKTOP-AEIB7Q0 with PID 11704 (C:\Users\Lenovo\workspace\infosys_code_assignment\customer\target\classes started by Lenovo in C:\Users\Lenovo\workspace\infosys_code_assignment\customer)
2025-08-21 11:55:03.758 [main] INFO  c.r.customer.CustomerApplication - No active profile set, falling back to 1 default profile: "default"
2025-08-21 11:55:04.783 [main] INFO  o.s.d.r.c.RepositoryConfigurationDelegate - Bootstrapping Spring Data JPA repositories in DEFAULT mode.
2025-08-21 11:55:04.890 [main] INFO  o.s.d.r.c.RepositoryConfigurationDelegate - Finished Spring Data repository scanning in 89 ms. Found 1 JPA repository interfaces.
2025-08-21 11:55:05.685 [main] INFO  o.s.b.w.e.tomcat.TomcatWebServer - Tomcat initialized with port(s): 8080 (http)
2025-08-21 11:55:05.698 [main] INFO  o.a.catalina.core.StandardService - Starting service [Tomcat]
2025-08-21 11:55:05.699 [main] INFO  o.a.catalina.core.StandardEngine - Starting Servlet engine: [Apache Tomcat/9.0.83]
2025-08-21 11:55:06.007 [main] INFO  o.a.c.c.C.[Tomcat].[localhost].[/] - Initializing Spring embedded WebApplicationContext
2025-08-21 11:55:06.007 [main] INFO  o.s.b.w.s.c.ServletWebServerApplicationContext - Root WebApplicationContext: initialization completed in 2171 ms
2025-08-21 11:55:06.051 [main] INFO  com.zaxxer.hikari.HikariDataSource - HikariPool-1 - Starting...
2025-08-21 11:55:06.272 [main] INFO  com.zaxxer.hikari.HikariDataSource - HikariPool-1 - Start completed.
2025-08-21 11:55:06.309 [main] INFO  o.s.b.a.h.H2ConsoleAutoConfiguration - H2 console available at '/h2-console'. Database available at 'jdbc:h2:mem:rewards'
2025-08-21 11:55:06.546 [main] INFO  o.h.jpa.internal.util.LogHelper - HHH000204: Processing PersistenceUnitInfo [name: default]
2025-08-21 11:55:06.764 [main] INFO  org.hibernate.Version - HHH000412: Hibernate ORM core version 5.6.15.Final
2025-08-21 11:55:07.069 [main] INFO  o.h.annotations.common.Version - HCANN000001: Hibernate Commons Annotations {5.1.2.Final}
2025-08-21 11:55:07.291 [main] INFO  org.hibernate.dialect.Dialect - HHH000400: Using dialect: org.hibernate.dialect.H2Dialect
2025-08-21 11:55:08.425 [main] INFO  o.h.e.t.j.p.i.JtaPlatformInitiator - HHH000490: Using JtaPlatform implementation: [org.hibernate.engine.transaction.jta.platform.internal.NoJtaPlatform]
2025-08-21 11:55:08.445 [main] INFO  o.s.o.j.LocalContainerEntityManagerFactoryBean - Initialized JPA EntityManagerFactory for persistence unit 'default'
2025-08-21 11:55:09.059 [main] WARN  o.s.b.a.o.j.JpaBaseConfiguration$JpaWebConfiguration - spring.jpa.open-in-view is enabled by default. Therefore, database queries may be performed during view rendering. Explicitly configure spring.jpa.open-in-view to disable this warning
2025-08-21 11:55:09.609 [main] INFO  o.s.b.w.e.tomcat.TomcatWebServer - Tomcat started on port(s): 8080 (http) with context path ''
2025-08-21 11:55:09.626 [main] INFO  c.r.customer.CustomerApplication - Started CustomerApplication in 6.674 seconds (JVM running for 8.631)
2025-08-21 11:55:36.693 [SpringApplicationShutdownHook] INFO  o.s.o.j.LocalContainerEntityManagerFactoryBean - Closing JPA EntityManagerFactory for persistence unit 'default'
2025-08-21 11:55:36.696 [SpringApplicationShutdownHook] INFO  com.zaxxer.hikari.HikariDataSource - HikariPool-1 - Shutdown initiated...
2025-08-21 11:55:36.697 [SpringApplicationShutdownHook] INFO  com.zaxxer.hikari.HikariDataSource - HikariPool-1 - Shutdown completed.
2025-08-21 11:56:22.735 [main] INFO  c.r.customer.CustomerApplication - Starting CustomerApplication using Java 1.8.0_451 on DESKTOP-AEIB7Q0 with PID 22260 (C:\Users\Lenovo\workspace\infosys_code_assignment\customer\target\classes started by Lenovo in C:\Users\Lenovo\workspace\infosys_code_assignment\customer)
2025-08-21 11:56:22.743 [main] INFO  c.r.customer.CustomerApplication - No active profile set, falling back to 1 default profile: "default"
2025-08-21 11:56:23.814 [main] INFO  o.s.d.r.c.RepositoryConfigurationDelegate - Bootstrapping Spring Data JPA repositories in DEFAULT mode.
2025-08-21 11:56:23.908 [main] INFO  o.s.d.r.c.RepositoryConfigurationDelegate - Finished Spring Data repository scanning in 78 ms. Found 1 JPA repository interfaces.
2025-08-21 11:56:24.669 [main] INFO  o.s.b.w.e.tomcat.TomcatWebServer - Tomcat initialized with port(s): 8080 (http)
2025-08-21 11:56:24.682 [main] INFO  o.a.catalina.core.StandardService - Starting service [Tomcat]
2025-08-21 11:56:24.682 [main] INFO  o.a.catalina.core.StandardEngine - Starting Servlet engine: [Apache Tomcat/9.0.83]
2025-08-21 11:56:24.966 [main] INFO  o.a.c.c.C.[Tomcat].[localhost].[/] - Initializing Spring embedded WebApplicationContext
2025-08-21 11:56:24.967 [main] INFO  o.s.b.w.s.c.ServletWebServerApplicationContext - Root WebApplicationContext: initialization completed in 2127 ms
2025-08-21 11:56:25.013 [main] INFO  com.zaxxer.hikari.HikariDataSource - HikariPool-1 - Starting...
2025-08-21 11:56:25.213 [main] INFO  com.zaxxer.hikari.HikariDataSource - HikariPool-1 - Start completed.
2025-08-21 11:56:25.233 [main] INFO  o.s.b.a.h.H2ConsoleAutoConfiguration - H2 console available at '/h2-console'. Database available at 'jdbc:h2:mem:rewards'
2025-08-21 11:56:25.451 [main] INFO  o.h.jpa.internal.util.LogHelper - HHH000204: Processing PersistenceUnitInfo [name: default]
2025-08-21 11:56:25.565 [main] INFO  org.hibernate.Version - HHH000412: Hibernate ORM core version 5.6.15.Final
2025-08-21 11:56:25.686 [main] INFO  o.h.annotations.common.Version - HCANN000001: Hibernate Commons Annotations {5.1.2.Final}
2025-08-21 11:56:25.772 [main] INFO  org.hibernate.dialect.Dialect - HHH000400: Using dialect: org.hibernate.dialect.H2Dialect
2025-08-21 11:56:26.237 [main] INFO  o.h.e.t.j.p.i.JtaPlatformInitiator - HHH000490: Using JtaPlatform implementation: [org.hibernate.engine.transaction.jta.platform.internal.NoJtaPlatform]
2025-08-21 11:56:26.245 [main] INFO  o.s.o.j.LocalContainerEntityManagerFactoryBean - Initialized JPA EntityManagerFactory for persistence unit 'default'
2025-08-21 11:56:26.522 [main] WARN  o.s.b.a.o.j.JpaBaseConfiguration$JpaWebConfiguration - spring.jpa.open-in-view is enabled by default. Therefore, database queries may be performed during view rendering. Explicitly configure spring.jpa.open-in-view to disable this warning
2025-08-21 11:56:26.791 [main] INFO  o.s.b.w.e.tomcat.TomcatWebServer - Tomcat started on port(s): 8080 (http) with context path ''
2025-08-21 11:56:26.801 [main] INFO  c.r.customer.CustomerApplication - Started CustomerApplication in 4.973 seconds (JVM running for 7.039)
2025-08-21 11:57:20.601 [SpringApplicationShutdownHook] INFO  o.s.o.j.LocalContainerEntityManagerFactoryBean - Closing JPA EntityManagerFactory for persistence unit 'default'
2025-08-21 11:57:20.605 [SpringApplicationShutdownHook] INFO  com.zaxxer.hikari.HikariDataSource - HikariPool-1 - Shutdown initiated...
2025-08-21 11:57:20.608 [SpringApplicationShutdownHook] INFO  com.zaxxer.hikari.HikariDataSource - HikariPool-1 - Shutdown completed.
2025-08-21 11:58:13.162 [main] INFO  c.r.customer.CustomerApplication - Starting CustomerApplication using Java 1.8.0_451 on DESKTOP-AEIB7Q0 with PID 10732 (C:\Users\Lenovo\workspace\infosys_code_assignment\customer\target\classes started by Lenovo in C:\Users\Lenovo\workspace\infosys_code_assignment\customer)
2025-08-21 11:58:13.167 [main] INFO  c.r.customer.CustomerApplication - No active profile set, falling back to 1 default profile: "default"
2025-08-21 11:58:14.162 [main] INFO  o.s.d.r.c.RepositoryConfigurationDelegate - Bootstrapping Spring Data JPA repositories in DEFAULT mode.
2025-08-21 11:58:14.253 [main] INFO  o.s.d.r.c.RepositoryConfigurationDelegate - Finished Spring Data repository scanning in 76 ms. Found 1 JPA repository interfaces.
2025-08-21 11:58:15.021 [main] INFO  o.s.b.w.e.tomcat.TomcatWebServer - Tomcat initialized with port(s): 8080 (http)
2025-08-21 11:58:15.034 [main] INFO  o.a.catalina.co
re.StandardService - Starting service [Tomcat]
2025-08-21 11:58:15.034 [main] INFO  o.a.catalina.core.StandardEngine - Starting Servlet engine: [Apache Tomcat/9.0.83]
2025-08-21 11:58:15.346 [main] INFO  o.a.c.c.C.[Tomcat].[localhost].[/] - Initializing Spring embedded WebApplicationContext
2025-08-21 11:58:15.347 [main] INFO  o.s.b.w.s.c.ServletWebServerApplicationContext - Root WebApplicationContext: initialization completed in 2107 ms
2025-08-21 11:58:15.397 [main] INFO  com.zaxxer.hikari.HikariDataSource - HikariPool-1 - Starting...
2025-08-21 11:58:15.584 [main] INFO  com.zaxxer.hikari.HikariDataSource - HikariPool-1 - Start completed.
2025-08-21 11:58:15.617 [main] INFO  o.s.b.a.h.H2ConsoleAutoConfiguration - H2 console available at '/h2-console'. Database available at 'jdbc:h2:mem:rewards'
2025-08-21 11:58:15.853 [main] INFO  o.h.jpa.internal.util.LogHelper - HHH000204: Processing PersistenceUnitInfo [name: default]
2025-08-21 11:58:16.048 [main] INFO  org.hibernate.Version - HHH000412: Hibernate ORM core version 5.6.15.Final
2025-08-21 11:58:16.193 [main] INFO  o.h.annotations.common.Version - HCANN000001: Hibernate Commons Annotations {5.1.2.Final}
2025-08-21 11:58:16.278 [main] INFO  org.hibernate.dialect.Dialect - HHH000400: Using dialect: org.hibernate.dialect.H2Dialect
2025-08-21 11:58:16.732 [main] INFO  o.h.e.t.j.p.i.JtaPlatformInitiator - HHH000490: Using JtaPlatform implementation: [org.hibernate.engine.transaction.jta.platform.internal.NoJtaPlatform]
2025-08-21 11:58:16.742 [main] INFO  o.s.o.j.LocalContainerEntityManagerFactoryBean - Initialized JPA EntityManagerFactory for persistence unit 'default'
2025-08-21 11:58:17.026 [main] WARN  o.s.b.a.o.j.JpaBaseConfiguration$JpaWebConfiguration - spring.jpa.open-in-view is enabled by default. Therefore, database queries may be performed during view rendering. Explicitly configure spring.jpa.open-in-view to disable this warning
2025-08-21 11:58:17.293 [main] INFO  o.s.b.w.e.tomcat.TomcatWebServer - Tomcat started on port(s): 8080 (http) with context path ''
2025-08-21 11:58:17.302 [main] INFO  c.r.customer.CustomerApplication - Started CustomerApplication in 4.701 seconds (JVM running for 5.645)
2025-08-21 11:58:51.611 [http-nio-8080-exec-1] INFO  o.a.c.c.C.[Tomcat].[localhost].[/] - Initializing Spring DispatcherServlet 'dispatcherServlet'
2025-08-21 11:58:51.993 [http-nio-8080-exec-1] INFO  c.r.c.serviceImpl.RewardServiceImpl - Testing log
2025-08-21 11:59:59.151 [SpringApplicationShutdownHook] INFO  o.s.o.j.LocalContainerEntityManagerFactoryBean - Closing JPA EntityManagerFactory for persistence unit 'default'
2025-08-21 11:59:59.154 [SpringApplicationShutdownHook] INFO  com.zaxxer.hikari.HikariDataSource - HikariPool-1 - Shutdown initiated...
2025-08-21 11:59:59.156 [SpringApplicationShutdownHook] INFO  com.zaxxer.hikari.HikariDataSource - HikariPool-1 - Shutdown completed.
2025-08-21 12:06:28.591 [main] INFO  c.r.customer.CustomerApplication - Starting CustomerApplication using Java 1.8.0_451 on DESKTOP-AEIB7Q0 with PID 11180 (C:\Users\Lenovo\workspace\infosys_code_assignment\customer\target\classes started by Lenovo in C:\Users\Lenovo\workspace\infosys_code_assignment\customer)
2025-08-21 12:06:28.596 [main] INFO  c.r.customer.CustomerApplication - No active profile set, falling back to 1 default profile: "default"
2025-08-21 12:06:29.658 [main] INFO  o.s.d.r.c.RepositoryConfigurationDelegate - Bootstrapping Spring Data JPA repositories in DEFAULT mode.
2025-08-21 12:06:29.760 [main] INFO  o.s.d.r.c.RepositoryConfigurationDelegate - Finished Spring Data repository scanning in 85 ms. Found 1 JPA repository interfaces.
2025-08-21 12:06:30.555 [main] INFO  o.s.b.w.e.tomcat.TomcatWebServer - Tomcat initialized with port(s): 8080 (http)
2025-08-21 12:06:30.567 [main] INFO  o.a.catalina.core.StandardService - Starting service [Tomcat]
2025-08-21 12:06:30.567 [main] INFO  o.a.catalina.core.StandardEngine - Starting Servlet engine: [Apache Tomcat/9.0.83]
2025-08-21 12:06:30.880 [main] INFO  o.a.c.c.C.[Tomcat].[localhost].[/] - Initializing Spring embedded WebApplicationContext
2025-08-21 12:06:30.881 [main] INFO  o.s.b.w.s.c.ServletWebServerApplicationContext - Root WebApplicationContext: initialization completed in 2209 ms
2025-08-21 12:06:30.924 [main] INFO  com.zaxxer.hikari.HikariDataSource - HikariPool-1 - Starting...
2025-08-21 12:06:31.037 [main] INFO  com.zaxxer.hikari.HikariDataSource - HikariPool-1 - Start completed.
2025-08-21 12:06:31.060 [main] INFO  o.s.b.a.h.H2ConsoleAutoConfiguration - H2 console available at '/h2-console'. Database available at 'jdbc:h2:mem:rewards'
2025-08-21 12:06:31.187 [main] INFO  o.h.jpa.internal.util.LogHelper - HHH000204: Processing PersistenceUnitInfo [name: default]
2025-08-21 12:06:31.279 [main] INFO  org.hibernate.Version - HHH000412: Hibernate ORM core version 5.6.15.Final
2025-08-21 12:06:31.401 [main] INFO  o.h.annotations.common.Version - HCANN000001: Hibernate Commons Annotations {5.1.2.Final}
2025-08-21 12:06:31.488 [main] INFO  org.hibernate.dialect.Dialect - HHH000400: Using dialect: org.hibernate.dialect.H2Dialect
2025-08-21 12:06:31.952 [main] INFO  o.h.e.t.j.p.i.JtaPlatformInitiator - HHH000490: Using JtaPlatform implementation: [org.hibernate.engine.transaction.jta.platform.internal.NoJtaPlatform]
2025-08-21 12:06:31.962 [main] INFO  o.s.o.j.LocalContainerEntityManagerFactoryBean - Initialized JPA EntityManagerFactory for persistence unit 'default'
2025-08-21 12:06:32.239 [main] WARN  o.s.b.a.o.j.JpaBaseConfiguration$JpaWebConfiguration - spring.jpa.open-in-view is enabled by default. Therefore, database queries may be performed during view rendering. Explicitly configure spring.jpa.open-in-view to disable this warning
2025-08-21 12:06:32.501 [main] INFO  o.s.b.w.e.tomcat.TomcatWebServer - Tomcat started on port(s): 8080 (http) with context path ''
2025-08-21 12:06:32.510 [main] INFO  c.r.customer.CustomerApplication - Started CustomerApplication in 4.698 seconds (JVM running for 5.668)
2025-08-21 12:06:57.063 [http-nio-8080-exec-1] INFO  o.a.c.c.C.[Tomcat].[localhost].[/] - Initializing Spring DispatcherServlet 'dispatcherServlet'
2025-08-21 12:06:57.164 [http-nio-8080-exec-1] INFO  c.r.c.serviceImpl.RewardServiceImpl - Testing log
2025-08-21 12:07:16.610 [http-nio-8080-exec-3] INFO  c.r.c.serviceImpl.RewardServiceImpl - Testing log
2025-08-21 12:07:47.731 [SpringApplicationShutdownHook] INFO  o.s.o.j.LocalContainerEntityManagerFactoryBean - Closing JPA EntityManagerFactory for persistence unit 'default'
2025-08-21 12:07:47.735 [SpringApplicationShutdownHook] INFO  com.zaxxer.hikari.HikariDataSource - HikariPool-1 - Shutdown initiated...
2025-08-21 12:07:47.737 [SpringApplicationShutdownHook] INFO  com.zaxxer.hikari.HikariDataSource - HikariPool-1 - Shutdown completed.
2025-08-21 12:08:09.759 [main] INFO  c.r.customer.CustomerApplication - Starting CustomerApplication using Java 1.8.0_451 on DESKTOP-AEIB7Q0 with PID 11144 (C:\Users\Lenovo\workspace\infosys_code_assignment\customer\target\classes started by Lenovo in C:\Users\Lenovo\workspace\infosys_code_assignment\customer)
2025-08-21 12:08:09.764 [main] INFO  c.r.customer.CustomerApplication - No active profile set, falling back to 1 default profile: "default"
2025-08-21 12:08:10.734 [main] INFO  o.s.d.r.c.RepositoryConfigurationDelegate - Bootstrapping Spring Data JPA repositories in DEFAULT mode.
2025-08-21 12:08:10.826 [main] INFO  o.s.d.r.c.RepositoryConfigurationDelegate - Finished Spring Data repository scanning in 76 ms. Found 1 JPA repository interfaces.
2025-08-21 12:08:11.456 [main] INFO  o.s.b.w.e.tomcat.TomcatWebServer - Tomcat initialized with port(s): 8080 (http)
2025-08-21 12:08:11.462 [main] INFO  o.a.catalina.core.StandardService - Starting service [Tomcat]
2025-08-21 12:08:11.462 [main] INFO  o.a.catalina.core.StandardEngine - Starting Servlet engine: [Apache Tomcat/9.0.83]
2025-08-21 12:08:11.604 [main] INFO  o.a.c.c.C.[Tomcat].[localhost].[/] - Initializing Spring embedded WebApplicationContext
2025-08-21 12:08:11.606 [main] INFO  o.s.b.w.s.c.ServletWebServerApplicationContext - Root WebApplicationContext: initialization completed in 1776 ms
2025-08-21 12:08:11.626 [main] INFO  com.zaxxer.hikari.HikariDataSource - HikariPool-1 - Starting...
2025-08-21 12:08:11.734 [main] INFO  com.zaxxer.hikari.HikariDataSource - HikariPool-1 - Start completed.
2025-08-21 12:08:11.745 [main] INFO  o.s.b.a.h.H2ConsoleAutoConfiguration - H2 console available at '/h2-console'. Database available at 'jdbc:h2:mem:rewards'
2025-08-21 12:08:11.865 [main] INFO  o.h.jpa.internal.util.LogHelper - HHH000204: Processing PersistenceUnitInfo [name: default]
2025-08-21 12:08:11.967 [main] INFO  org.hibernate.Version - HHH000412: Hibernate ORM core version 5.6.15.Final
2025-08-21 12:08:12.085 [main] INFO  o.h.annotations.common.Version - HCANN000001: Hibernate Commons Annotations {5.1.2.Final}
2025-08-21 12:08:12.171 [main] INFO  org.hibernate.dialect.Dialect - HHH000400: Using dialect: org.hibernate.dialect.H2Dialect
2025-08-21 12:08:12.638 [main] INFO  o.h.e.t.j.p.i.JtaPlatformInitiator - HHH000490: Using JtaPlatform implementation: [org.hibernate.engine.transaction.jta.platform.internal.NoJtaPlatform]
2025-08-21 12:08:12.647 [main] INFO  o.s.o.j.LocalContainerEntityManagerFactoryBean - Initialized JPA EntityManagerFactory for persistence unit 'default'
2025-08-21 12:08:12.932 [main] WARN  o.s.b.a.o.j.JpaBaseConfiguration$JpaWebConfiguration - spring.jpa.open-in-view is enabled by default. Therefore, database queries may be performed during view rendering. Explicitly configure spring.jpa.open-in-view to disable this warning
2025-08-21 12:08:13.199 [main] INFO  o.s.b.w.e.tomcat.TomcatWebServer - Tomcat started on port(s): 8080 (http) with context path ''
2025-08-21 12:08:13.208 [main] INFO  c.r.customer.CustomerApplication - Started CustomerApplication in 4.191 seconds (JVM running for 6.007)
2025-08-21 12:08:13.856 [SpringApplicationShutdownHook] INFO  o.s.o.j.LocalContainerEntityManagerFactoryBean - Closing JPA EntityManagerFactory for persistence unit 'default'
2025-08-21 12:08:13.860 [SpringApplicationShutdownHook] INFO  com.zaxxer.hikari.HikariDataSource - HikariPool-1 - Shutdown initiated...
2025-08-21 12:08:13.863 [SpringApplicationShutdownHook] INFO  com.zaxxer.hikari.HikariDataSource - HikariPool-1 - Shutdown completed.
2025-08-21 12:09:57.580 [main] INFO  c.r.customer.CustomerApplication - Starting CustomerApplication using Java 1.8.0_451 on DESKTOP-AEIB7Q0 with PID 20944 (C:\Users\Lenovo\workspace\infosys_code_assignment\customer\target\classes started by Lenovo in C:\Users\Lenovo\workspace\infosys_code_assignment\customer)
2025-08-21 12:09:57.583 [main] INFO  c.r.customer.CustomerApplication - No active profile set, falling back to 1 default profile: "default"
2025-08-21 12:09:58.089 [main] INFO  o.s.d.r.c.RepositoryConfigurationDelegate - Bootstrapping Spring Data JPA repositories in DEFAULT mode.
2025-08-21 12:09:58.138 [main] INFO  o.s.d.r.c.RepositoryConfigurationDelegate - Finished Spring Data repository scanning in 40 ms. Found 1 JPA repository interfaces.
2025-08-21 12:09:58.512 [main] INFO  o.s.b.w.e.tomcat.TomcatWebServer - Tomcat initialized with port(s): 8080 (http)
2025-08-21 12:09:58.518 [main] INFO  o.a.catalina.core.StandardService - Starting service [Tomcat]
2025-08-21 12:09:58.520 [main] INFO  o.a.catalina.core.StandardEngine - Starting Servlet engine: [Apache Tomcat/9.0.83]
2025-08-21 12:09:58.701 [main] INFO  o.a.c.c.C.[Tomcat].[localhost].[/] - Initializing Spring embedded WebApplicationContext
2025-08-21 12:09:58.703 [main] INFO  o.s.b.w.s.c.ServletWebServerApplicationContext - Root WebApplicationContext: initialization completed in 1088 ms
2025-08-21 12:09:58.749 [main] INFO  com.zaxxer.hikari.HikariDataSource - HikariPool-1 - Starting...
2025-08-21 12:09:58.924 [main] INFO  com.zaxxer.hikari.HikariDataSource - HikariPool-1 - Start completed.
2025-08-21 12:09:58.945 [main] INFO  o.s.b.a.h.H2ConsoleAutoConfiguration - H2 console available at '/h2-console'. Database available at 'jdbc:h2:mem:rewards'
2025-08-21 12:09:59.175 [main] INFO  o.h.jpa.internal.util.LogHelper - HHH000204: Processing PersistenceUnitInfo [name: default]
2025-08-21 12:09:59.349 [main] INFO  org.hibernate.Version - HHH000412: Hibernate ORM core version 5.6.15.Final
2025-08-21 12:09:59.587 [main] INFO  o.h.annotations.common.Version - HCANN000001: Hibernate Commons Annotations {5.1.2.Final}
2025-08-21 12:09:59.758 [main] INFO  org.hibernate.dialect.Dialect - HHH000400: Using dialect: org.hibernate.dialect.H2Dialect
2025-08-21 12:10:00.666 [main] INFO  o.h.e.t.j.p.i.JtaPlatformInitiator - HHH000490: Using JtaPlatform implementation: [org.hibernate.engine.transaction.jta.platform.internal.NoJtaPlatform]
2025-08-21 12:10:00.683 [main] INFO  o.s.o.j.LocalContainerEntityManagerFactoryBean - Initialized JPA EntityManagerFactory for persistence unit 'default'
2025-08-21 12:10:01.009 [main] WARN  o.s.b.a.o.j.JpaBaseConfiguration$JpaWebConfiguration - spring.jpa.open-in-view is enabled by default. Therefore, database queries may be performed during view rendering. Explicitly configure spring.jpa.open-in-view to disable this warning
2025-08-21 12:10:01.276 [main] INFO  o.s.b.w.e.tomcat.TomcatWebServer - Tomcat started on port(s): 8080 (http) with context path ''
2025-08-21 12:10:01.284 [main] INFO  c.r.customer.CustomerApplication - Started CustomerApplication in 4.107 seconds (JVM running for 5.278)
2025-08-21 12:10:12.875 [http-nio-8080-exec-1] INFO  o.a.c.c.C.[Tomcat].[localhost].[/] - Initializing Spring DispatcherServlet 'dispatcherServlet'
2025-08-21 12:10:12.971 [http-nio-8080-exec-1] INFO  c.r.c.serviceImpl.RewardServiceImpl - testeds log
2025-08-21 12:23:23.252 [HikariPool-1 housekeeper] WARN  com.zaxxer.hikari.pool.HikariPool - HikariPool-1 - Thread starvation or clock leap detected (housekeeper delta=2m54s41ms939µs400ns).
2025-08-21 12:23:42.905 [SpringApplicationShutdownHook] INFO  o.s.o.j.LocalContainerEntityManagerFactoryBean - Closing JPA EntityManagerFactory for persistence unit 'default'
2025-08-21 12:23:42.908 [SpringApplicationShutdownHook] INFO  com.zaxxer.hikari.HikariDataSource - HikariPool-1 - Shutdown initiated...
2025-08-21 12:23:42.910 [SpringApplicationShutdownHook] INFO  com.zaxxer.hikari.HikariDataSource - HikariPool-1 - Shutdown completed.
2025-08-21 12:24:15.943 [main] INFO  c.r.customer.CustomerApplication - Starting CustomerApplication using Java 1.8.0_451 on DESKTOP-AEIB7Q0 with PID 7300 (C:\Users\Lenovo\workspace\infosys_code_assignment\customer\target\classes started by Lenovo in C:\Users\Lenovo\workspace\infosys_code_assignment\customer)
2025-08-21 12:24:15.945 [main] INFO  c.r.customer.CustomerApplication - No active profile set, falling back to 1 default profile: "default"
2025-08-21 12:24:16.458 [main] INFO  o.s.d.r.c.RepositoryConfigurationDelegate - Bootstrapping Spring Data JPA repositories in DEFAULT mode.
2025-08-21 12:24:16.552 [main] INFO  o.s.d.r.c.RepositoryConfigurationDelegate - Finished Spring Data repository scanning in 80 ms. Found 1 JPA repository interfaces.
2025-08-21 12:24:17.315 [main] INFO  o.s.b.w.e.tomcat.TomcatWebServer - Tomcat initialized with port(s): 8080 (http)
2025-08-21 12:24:17.328 [main] INFO  o.a.catalina.core.StandardService - Starting service [Tomcat]
2025-08-21 12:24:17.329 [main] INFO  o.a.catalina.core.StandardEngine - Starting Servlet engine: [Apache Tomcat/9.0.83]
2025-08-21 12:24:17.663 [main] INFO  o.a.c.c.C.[Tomcat].[localhost].[/] - Initializing Spring embedded WebApplicationContext
2025-08-21 12:24:17.664 [main] INFO  o.s.b.w.s.c.ServletWebServerApplicationContext - Root WebApplicationContext: initialization completed in 1685 ms
2025-08-21 12:24:17.710 [main] INFO  com.zaxxer.hikari.HikariDataSource - HikariPool-1 - Starting...
2025-08-21 12:24:17.887 [main] INFO  com.zaxxer.hikari.HikariDataSource - HikariPool-1 - Start completed.
2025-08-21 12:24:17.907 [main] INFO  o.s.b.a.h.H2ConsoleAutoConfiguration - H2 console available at '/h2-console'. Database available at 'jdbc:h2:mem:rewards'
2025-08-21 12:24:18.147 [main] INFO  o.h.jpa.internal.util.LogHelper - HHH000204: Processing PersistenceUnitInfo [name: default]
2025-08-21 12:24:18.327 [main] INFO  org.hibernate.Version - HHH000412: Hibernate ORM core version 5.6.15.Final
2025-08-21 12:24:18.570 [main] INFO  o.h.annotations.common.Version - HCANN000001: Hibernate Commons Annotations {5.1.2.Final}
2025-08-21 12:24:18.749 [main] INFO  org.hibernate.dialect.Dialect - HHH000400: Using dialect: org.hibernate.dialect.H2Dialect
2025-08-21 12:24:19.691 [main] INFO  o.h.e.t.j.p.i.JtaPlatformInitiator - HHH000490: Using JtaPlatform implementation: [org.hibernate.engine.transaction.jta.platform.internal.NoJtaPlatform]
2025-08-21 12:24:19.701 [main] INFO  o.s.o.j.LocalContainerEntityManagerFactoryBean - Initialized JPA EntityManagerFactory for persistence unit 'default'
2025-08-21 12:24:19.982 [main] WARN  o.s.b.a.o.j.JpaBaseConfiguration$JpaWebConfiguration - spring.jpa.open-in-view is enabled by default. Therefore, database queries may be performed during view rendering. Explicitly configure spring.jpa.open-in-view to disable this warning
2025-08-21 12:24:20.259 [main] INFO  o.s.b.w.e.tomcat.TomcatWebServer - Tomcat started on port(s): 8080 (http) with context path ''
2025-08-21 12:24:20.268 [main] INFO  c.r.customer.CustomerApplication - Started CustomerApplication in 4.744 seconds (JVM running for 5.696)
2025-08-21 12:24:29.076 [http-nio-8080-exec-1] INFO  o.a.c.c.C.[Tomcat].[localhost].[/] - Initializing Spring DispatcherServlet 'dispatcherServlet'
2025-08-21 12:24:29.179 [http-nio-8080-exec-1] INFO  c.r.c.serviceImpl.RewardServiceImpl - testeds log
2025-08-21 12:29:15.680 [SpringApplicationShutdownHook] INFO  o.s.o.j.LocalContainerEntityManagerFactoryBean - Closing JPA EntityManagerFactory for persistence unit 'default'
2025-08-21 12:29:15.683 [SpringApplicationShutdownHook] INFO  com.zaxxer.hikari.HikariDataSource - HikariPool-1 - Shutdown initiated...
2025-08-21 12:29:15.684 [SpringApplicationShutdownHook] INFO  com.zaxxer.hikari.HikariDataSource - HikariPool-1 - Shutdown completed.
2025-08-21 12:29:29.687 [main] INFO  c.r.customer.CustomerApplication - Starting CustomerApplication using Java 1.8.0_451 on DESKTOP-AEIB7Q0 with PID 20544 (C:\Users\Lenovo\workspace\infosys_code_assignment\customer\target\classes started by Lenovo in C:\Users\Lenovo\workspace\infosys_code_assignment\customer)
2025-08-21 12:29:29.695 [main] INFO  c.r.customer.CustomerApplication - No active profile set, falling back to 1 default profile: "default"
2025-08-21 12:29:30.879 [main] INFO  o.s.d.r.c.RepositoryConfigurationDelegate - Bootstrapping Spring Data JPA repositories in DEFAULT mode.
2025-08-21 12:29:30.996 [main] INFO  o.s.d.r.c.RepositoryConfigurationDelegate - Finished Spring Data repository scanning in 91 ms. Found 1 JPA repository interfaces.
2025-08-21 12:29:32.513 [main] INFO  o.s.b.w.e.tomcat.TomcatWebServer - Tomcat initialized with port(s): 8080 (http)
2025-08-21 12:29:32.529 [main] INFO  o.a.catalina.core.StandardService - Starting service [Tomcat]
2025-08-21 12:29:32.529 [main] INFO  o.a.catalina.core.StandardEngine - Starting Servlet engine: [Apache Tomcat/9.0.83]
2025-08-21 12:29:32.860 [main] INFO  o.a.c.c.C.[Tomcat].[localhost].[/] - Initializing Spring embedded WebApplicationContext
2025-08-21 12:29:32.868 [main] INFO  o.s.b.w.s.c.ServletWebServerApplicationContext - Root WebApplicationContext: initialization completed in 3100 ms
2025-08-21 12:29:32.922 [main] INFO  com.zaxxer.hikari.HikariDataSource - HikariPool-1 - Starting...
2025-08-21 12:29:33.147 [main] INFO  com.zaxxer.hikari.HikariDataSource - HikariPool-1 - Start completed.
2025-08-21 12:29:33.178 [main] INFO  o.s.b.a.h.H2ConsoleAutoConfiguration - H2 console available at '/h2-console'. Database available at 'jdbc:h2:mem:rewards'
2025-08-21 12:29:33.422 [main] INFO  o.h.jpa.internal.util.LogHelper - HHH000204: Processing PersistenceUnitInfo [name: default]
2025-08-21 12:29:33.609 [main] INFO  org.hibernate.Version - HHH000412: Hibernate ORM core version 5.6.15.Final
2025-08-21 12:29:33.869 [main] INFO  o.h.annotations.common.Version - HCANN000001: Hibernate Commons Annotations {5.1.2.Final}
2025-08-21 12:29:34.067 [main] INFO  org.hibernate.dialect.Dialect - HHH000400: Using dialect: org.hibernate.dialect.H2Dialect
2025-08-21 12:29:35.054 [main] INFO  o.h.e.t.j.p.i.JtaPlatformInitiator - HHH000490: Using JtaPlatform implementation: [org.hibernate.engine.transaction.jta.platform.internal.NoJtaPlatform]
2025-08-21 12:29:35.075 [main] INFO  o.s.o.j.LocalContainerEntityManagerFactoryBean - Initialized JPA EntityManagerFactory for persistence unit 'default'
2025-08-21 12:29:35.655 [main] WARN  o.s.b.a.o.j.JpaBaseConfiguration$JpaWebConfiguration - spring.jpa.open-in-view is enabled by default. Therefore, database queries may be performed during view rendering. Explicitly configure spring.jpa.open-in-view to disable this warning
2025-08-21 12:29:36.210 [main] INFO  o.s.b.w.e.tomcat.TomcatWebServer - Tomcat started on port(s): 8080 (http) with context path ''
2025-08-21 12:29:36.228 [main] INFO  c.r.customer.CustomerApplication - Started CustomerApplication in 7.431 seconds (JVM running for 9.96)
2025-08-21 12:35:33.118 [SpringApplicationShutdownHook] INFO  o.s.o.j.LocalContainerEntityManagerFactoryBean - Closing JPA EntityManagerFactory for persistence unit 'default'
2025-08-21 12:35:33.120 [SpringApplicationShutdownHook] INFO  com.zaxxer.hikari.HikariDataSource - HikariPool-1 - Shutdown initiated...
2025-08-21 12:35:33.123 [SpringApplicationShutdownHook] INFO  com.zaxxer.hikari.HikariDataSource - HikariPool-1 - Shutdown completed.
