2025-08-22T10:50:44.506+0530 [main] INFO  c.r.c.t.c.RewardControllerTest - Starting RewardControllerTest using Java 1.8.0_451 on DESKTOP-AEIB7Q0 with PID 12332 (started by Lenovo in C:\Users\Lenovo\workspace\infosys_code_assignment\customer)
2025-08-22T10:50:44.509+0530 [main] INFO  c.r.c.t.c.RewardControllerTest - No active profile set, falling back to 1 default profile: "default"
2025-08-22T10:50:46.763+0530 [main] INFO  o.s.b.t.m.w.SpringBootMockServletContext - Initializing Spring TestDispatcherServlet ''
2025-08-22T10:50:46.763+0530 [main] INFO  o.s.t.w.s.TestDispatcherServlet - Initializing Servlet ''
2025-08-22T10:50:46.765+0530 [main] INFO  o.s.t.w.s.TestDispatcherServlet - Completed initialization in 1 ms
2025-08-22T10:50:46.799+0530 [main] INFO  c.r.c.t.c.RewardControllerTest - Started RewardControllerTest in 2.866 seconds (JVM running for 4.552)
2025-08-22T10:50:47.204+0530 [main] INFO  c.r.c.controller.RewardController - Received request to get the details for the user of phone number: 11223
2025-08-22T10:50:47.230+0530 [main] INFO  c.r.c.controller.RewardController - Received request to get the details for the user of phone number: 12345
2025-08-22T10:50:47.230+0530 [main] INFO  c.r.c.controller.RewardController - Successfully processed rewards for phone number: 12345
2025-08-22T10:52:03.606+0530 [main] INFO  c.r.c.t.c.RewardControllerTest - Starting RewardControllerTest using Java 1.8.0_451 on DESKTOP-AEIB7Q0 with PID 7424 (started by Lenovo in C:\Users\Lenovo\workspace\infosys_code_assignment\customer)
2025-08-22T10:52:03.608+0530 [main] INFO  c.r.c.t.c.RewardControllerTest - No active profile set, falling back to 1 default profile: "default"
2025-08-22T10:52:05.643+0530 [main] INFO  o.s.b.t.m.w.SpringBootMockServletContext - Initializing Spring TestDispatcherServlet ''
2025-08-22T10:52:05.643+0530 [main] INFO  o.s.t.w.s.TestDispatcherServlet - Initializing Servlet ''
2025-08-22T10:52:05.644+0530 [main] INFO  o.s.t.w.s.TestDispatcherServlet - Completed initialization in 1 ms
2025-08-22T10:52:05.676+0530 [main] INFO  c.r.c.t.c.RewardControllerTest - Started RewardControllerTest in 2.593 seconds (JVM running for 4.003)
2025-08-22T10:52:58.008+0530 [main] INFO  c.r.c.t.c.RewardControllerTest - Starting RewardControllerTest using Java 1.8.0_451 on DESKTOP-AEIB7Q0 with PID 22104 (started by Lenovo in C:\Users\Lenovo\workspace\infosys_code_assignment\customer)
2025-08-22T10:52:58.010+0530 [main] INFO  c.r.c.t.c.RewardControllerTest - No active profile set, falling back to 1 default profile: "default"
2025-08-22T10:53:01.543+0530 [main] INFO  o.s.b.t.m.w.SpringBootMockServletContext - Initializing Spring TestDispatcherServlet ''
2025-08-22T10:53:01.543+0530 [main] INFO  o.s.t.w.s.TestDispatcherServlet - Initializing Servlet ''
2025-08-22T10:53:01.544+0530 [main] INFO  o.s.t.w.s.TestDispatcherServlet - Completed initialization in 1 ms
2025-08-22T10:53:01.604+0530 [main] INFO  c.r.c.t.c.RewardControllerTest - Started RewardControllerTest in 4.469 seconds (JVM running for 6.606)
2025-08-22T10:54:58.189+0530 [main] INFO  c.r.c.t.c.RewardControllerTest - Starting RewardControllerTest using Java 1.8.0_451 on DESKTOP-AEIB7Q0 with PID 3080 (started by Lenovo in C:\Users\Lenovo\workspace\infosys_code_assignment\customer)
2025-08-22T10:54:58.191+0530 [main] INFO  c.r.c.t.c.RewardControllerTest - No active profile set, falling back to 1 default profile: "default"
2025-08-22T10:55:00.206+0530 [main] INFO  o.s.b.t.m.w.SpringBootMockServletContext - Initializing Spring TestDispatcherServlet ''
2025-08-22T10:55:00.206+0530 [main] INFO  o.s.t.w.s.TestDispatcherServlet - Initializing Servlet ''
2025-08-22T10:55:00.209+0530 [main] INFO  o.s.t.w.s.TestDispatcherServlet - Completed initialization in 3 ms
2025-08-22T10:55:00.240+0530 [main] INFO  c.r.c.t.c.RewardControllerTest - Started RewardControllerTest in 2.578 seconds (JVM running for 4.12)
2025-08-22T10:55:00.546+0530 [main] INFO  c.r.c.controller.RewardController - Received request to save the details for the user: John
2025-08-22T10:55:00.551+0530 [main] INFO  c.r.c.controller.RewardController - Successfully saved the details in our database for the user: John
2025-08-22T10:55:09.715+0530 [main] INFO  c.r.c.t.c.RewardControllerTest - Starting RewardControllerTest using Java 1.8.0_451 on DESKTOP-AEIB7Q0 with PID 19380 (started by Lenovo in C:\Users\Lenovo\workspace\infosys_code_assignment\customer)
2025-08-22T10:55:09.718+0530 [main] INFO  c.r.c.t.c.RewardControllerTest - No active profile set, falling back to 1 default profile: "default"
2025-08-22T10:55:11.740+0530 [main] INFO  o.s.b.t.m.w.SpringBootMockServletContext - Initializing Spring TestDispatcherServlet ''
2025-08-22T10:55:11.740+0530 [main] INFO  o.s.t.w.s.TestDispatcherServlet - Initializing Servlet ''
2025-08-22T10:55:11.742+0530 [main] INFO  o.s.t.w.s.TestDispatcherServlet - Completed initialization in 2 ms
2025-08-22T10:55:11.778+0530 [main] INFO  c.r.c.t.c.RewardControllerTest - Started RewardControllerTest in 2.593 seconds (JVM running for 3.983)
2025-08-22T10:55:12.086+0530 [main] INFO  c.r.c.controller.RewardController - Received request to save the details for the user: John
2025-08-22T10:55:12.092+0530 [main] INFO  c.r.c.controller.RewardController - Successfully saved the details in our database for the user: John
2025-08-22T10:55:12.172+0530 [main] INFO  c.r.c.controller.RewardController - Received request to get the details for the user of phone number: 11223
2025-08-22T10:55:12.193+0530 [main] INFO  c.r.c.controller.RewardController - Received request to get the details for the user of phone number: 12345
2025-08-22T10:55:12.193+0530 [main] INFO  c.r.c.controller.RewardController - Successfully processed rewards for phone number: 12345
2025-08-22T10:57:59.967+0530 [main] INFO  c.r.c.t.c.RewardControllerTest - Starting RewardControllerTest using Java 1.8.0_451 on DESKTOP-AEIB7Q0 with PID 22188 (started by Lenovo in C:\Users\Lenovo\workspace\infosys_code_assignment\customer)
2025-08-22T10:57:59.968+0530 [main] INFO  c.r.c.t.c.RewardControllerTest - No active profile set, falling back to 1 default profile: "default"
2025-08-22T10:58:02.096+0530 [main] INFO  o.s.b.t.m.w.SpringBootMockServletContext - Initializing Spring TestDispatcherServlet ''
2025-08-22T10:58:02.096+0530 [main] INFO  o.s.t.w.s.TestDispatcherServlet - Initializing Servlet ''
2025-08-22T10:58:02.098+0530 [main] INFO  o.s.t.w.s.TestDispatcherServlet - Completed initialization in 2 ms
2025-08-22T10:58:02.137+0530 [main] INFO  c.r.c.t.c.RewardControllerTest - Started RewardControllerTest in 2.689 seconds (JVM running for 4.238)
2025-08-22T10:58:02.466+0530 [main] INFO  c.r.c.controller.RewardController - Received request to save the details for the user: John
2025-08-22T10:58:02.470+0530 [main] INFO  c.r.c.controller.RewardController - Successfully saved the details in our database for the user: John
2025-08-22T10:58:02.532+0530 [main] INFO  c.r.c.controller.RewardController - Received request to get the details for the user of phone number: 11223
2025-08-22T10:58:02.563+0530 [main] INFO  c.r.c.controller.RewardController - Received request to get the details for the user of phone number: 12345
2025-08-22T10:58:02.564+0530 [main] INFO  c.r.c.controller.RewardController - Successfully processed rewards for phone number: 12345
2025-08-22T10:58:44.075+0530 [main] INFO  c.r.c.t.c.RewardControllerTest - Starting RewardControllerTest using Java 1.8.0_451 on DESKTOP-AEIB7Q0 with PID 18632 (started by Lenovo in C:\Users\Lenovo\workspace\infosys_code_assignment\customer)
2025-08-22T10:58:44.077+0530 [main] INFO  c.r.c.t.c.RewardControllerTest - No active profile set, falling back to 1 default profile: "default"
2025-08-22T10:58:46.046+0530 [main] INFO  o.s.b.t.m.w.SpringBootMockServletContext - Initializing Spring TestDispatcherServlet ''
2025-08-22T10:58:46.047+0530 [main] INFO  o.s.t.w.s.TestDispatcherServlet - Initializing Servlet ''
2025-08-22T10:58:46.048+0530 [main] INFO  o.s.t.w.s.TestDispatcherServlet - Completed initialization in 1 ms
2025-08-22T10:58:46.079+0530 [main] INFO  c.r.c.t.c.RewardControllerTest - Started RewardControllerTest in 2.527 seconds (JVM running for 3.891)
2025-08-22T10:58:46.383+0530 [main] INFO  c.r.c.controller.RewardController - Received request to save the details for the user: John
2025-08-22T10:58:46.387+0530 [main] INFO  c.r.c.controller.RewardController - Successfully saved the details in our database for the user: John
2025-08-22T10:58:46.423+0530 [main] INFO  c.r.c.controller.RewardController - Received request to save the details for the user: John
2025-08-22T10:58:46.445+0530 [main] INFO  c.r.c.controller.RewardController - Received request to get the details for the user of phone number: 11223
2025-08-22T10:58:46.463+0530 [main] INFO  c.r.c.controller.RewardController - Received request to get the details for the user of phone number: 12345
2025-08-22T10:58:46.463+0530 [main] INFO  c.r.c.controller.RewardController - Successfully processed rewards for phone number: 12345
2025-08-22T11:01:01.709+0530 [main] INFO  c.r.customer.CustomerApplication - Starting CustomerApplication using Java 1.8.0_451 on DESKTOP-AEIB7Q0 with PID 3460 (C:\Users\Lenovo\workspace\infosys_code_assignment\customer\target\classes started by Lenovo in C:\Users\Lenovo\workspace\infosys_code_assignment\customer)
2025-08-22T11:01:01.711+0530 [main] INFO  c.r.customer.CustomerApplication - No active profile set, falling back to 1 default profile: "default"
2025-08-22T11:01:02.392+0530 [main] INFO  o.s.d.r.c.RepositoryConfigurationDelegate - Bootstrapping Spring Data JPA repositories in DEFAULT mode.
2025-08-22T11:01:02.453+0530 [main] INFO  o.s.d.r.c.RepositoryConfigurationDelegate - Finished Spring Data repository scanning in 52 ms. Found 1 JPA repository interfaces.
2025-08-22T11:01:02.936+0530 [main] INFO  o.s.b.w.e.tomcat.TomcatWebServer - Tomcat initialized with port(s): 8080 (http)
2025-08-22T11:01:02.944+0530 [main] INFO  o.a.catalina.core.StandardService - Starting service [Tomcat]
2025-08-22T11:01:02.944+0530 [main] INFO  o.a.catalina.core.StandardEngine - Starting Servlet engine: [Apache Tomcat/9.0.83]
2025-08-22T11:01:03.105+0530 [main] INFO  o.a.c.c.C.[Tomcat].[localhost].[/] - Initializing Spring embedded WebApplicationContext
2025-08-22T11:01:03.105+0530 [main] INFO  o.s.b.w.s.c.ServletWebServerApplicationContext - Root WebApplicationContext: initialization completed in 1359 ms
2025-08-22T11:01:03.129+0530 [main] INFO  com.zaxxer.hikari.HikariDataSource - HikariPool-1 - Starting...
2025-08-22T11:01:03.319+0530 [main] INFO  com.zaxxer.hikari.HikariDataSource - HikariPool-1 - Start completed.
2025-08-22T11:01:03.329+0530 [main] INFO  o.s.b.a.h.H2ConsoleAutoConfiguration - H2 console available at '/h2-console'. Database available at 'jdbc:h2:mem:rewards'
2025-08-22T11:01:03.424+0530 [main] INFO  o.h.jpa.internal.util.LogHelper - HHH000204: Processing PersistenceUnitInfo [name: default]
2025-08-22T11:01:03.482+0530 [main] INFO  org.hibernate.Version - HHH000412: Hibernate ORM core version 5.6.15.Final
2025-08-22T11:01:03.624+0530 [main] INFO  o.h.annotations.common.Version - HCANN000001: Hibernate Commons Annotations {5.1.2.Final}
2025-08-22T11:01:03.744+0530 [main] INFO  org.hibernate.dialect.Dialect - HHH000400: Using dialect: org.hibernate.dialect.H2Dialect
2025-08-22T11:01:04.449+0530 [main] INFO  o.h.e.t.j.p.i.JtaPlatformInitiator - HHH000490: Using JtaPlatform implementation: [org.hibernate.engine.transaction.jta.platform.internal.NoJtaPlatform]
2025-08-22T11:01:04.460+0530 [main] INFO  o.s.o.j.LocalContainerEntityManagerFactoryBean - Initialized JPA EntityManagerFactory for persistence unit 'default'
2025-08-22T11:01:04.883+0530 [main] WARN  o.s.b.a.o.j.JpaBaseConfiguration$JpaWebConfiguration - spring.jpa.open-in-view is enabled by default. Therefore, database queries may be performed during view rendering. Explicitly configure spring.jpa.open-in-view to disable this warning
2025-08-22T11:01:05.213+0530 [main] INFO  o.s.b.w.e.tomcat.TomcatWebServer - Tomcat started on port(s): 8080 (http) with context path ''
2025-08-22T11:01:05.222+0530 [main] INFO  c.r.customer.CustomerApplication - Started CustomerApplication in 4.021 seconds (JVM running for 5.009)
2025-08-22T11:01:14.325+0530 [http-nio-8080-exec-1] INFO  o.a.c.c.C.[Tomcat].[localhost].[/] - Initializing Spring DispatcherServlet 'dispatcherServlet'
2025-08-22T11:01:14.597+0530 [http-nio-8080-exec-1] INFO  c.r.c.controller.RewardController - Received request to save the details for the user: Deepa
2025-08-22T11:01:14.598+0530 [http-nio-8080-exec-1] INFO  c.r.c.serviceImpl.RewardServiceImpl - Attempting to save customer details for the User: Deepa
2025-08-22T11:01:14.666+0530 [http-nio-8080-exec-1] INFO  c.r.c.serviceImpl.RewardServiceImpl - Customer details are successfully saved for the user: Deepa
2025-08-22T11:01:14.667+0530 [http-nio-8080-exec-1] INFO  c.r.c.controller.RewardController - Successfully saved the details in our database for the user: Deepa
2025-08-22T11:01:16.298+0530 [http-nio-8080-exec-4] INFO  c.r.c.controller.RewardController - Received request to save the details for the user: Deepa
2025-08-22T11:01:16.299+0530 [http-nio-8080-exec-4] INFO  c.r.c.serviceImpl.RewardServiceImpl - Attempting to save customer details for the User: Deepa
2025-08-22T11:01:16.302+0530 [http-nio-8080-exec-4] INFO  c.r.c.serviceImpl.RewardServiceImpl - Customer details are successfully saved for the user: Deepa
2025-08-22T11:01:16.303+0530 [http-nio-8080-exec-4] INFO  c.r.c.controller.RewardController - Successfully saved the details in our database for the user: Deepa
2025-08-22T11:01:17.858+0530 [http-nio-8080-exec-3] INFO  c.r.c.controller.RewardController - Received request to save the details for the user: Deepa
2025-08-22T11:01:17.859+0530 [http-nio-8080-exec-3] INFO  c.r.c.serviceImpl.RewardServiceImpl - Attempting to save customer details for the User: Deepa
2025-08-22T11:01:17.860+0530 [http-nio-8080-exec-3] INFO  c.r.c.serviceImpl.RewardServiceImpl - Customer details are successfully saved for the user: Deepa
2025-08-22T11:01:17.860+0530 [http-nio-8080-exec-3] INFO  c.r.c.controller.RewardController - Successfully saved the details in our database for the user: Deepa
2025-08-22T11:01:24.279+0530 [http-nio-8080-exec-5] INFO  c.r.c.controller.RewardController - Received request to get the details for the user of phone number: 9945888344
2025-08-22T11:01:24.282+0530 [RewardExecutor-1] INFO  c.r.c.serviceImpl.RewardServiceImpl - Attempting to fetch customer details for User with phone number: 9945888344
2025-08-22T11:01:24.415+0530 [RewardExecutor-1] INFO  c.r.c.serviceImpl.RewardServiceImpl - Successfully fetched the details of the User
2025-08-22T11:01:24.421+0530 [http-nio-8080-exec-5] INFO  c.r.c.controller.RewardController - Successfully processed rewards for phone number: 9945888344
2025-08-22T11:06:28.953+0530 [SpringApplicationShutdownHook] INFO  o.s.o.j.LocalContainerEntityManagerFactoryBean - Closing JPA EntityManagerFactory for persistence unit 'default'
2025-08-22T11:06:28.968+0530 [SpringApplicationShutdownHook] INFO  com.zaxxer.hikari.HikariDataSource - HikariPool-1 - Shutdown initiated...
2025-08-22T11:06:29.063+0530 [SpringApplicationShutdownHook] INFO  com.zaxxer.hikari.HikariDataSource - HikariPool-1 - Shutdown completed.
2025-08-22T11:06:32.594+0530 [main] INFO  c.r.customer.CustomerApplication - Starting CustomerApplication using Java 1.8.0_451 on DESKTOP-AEIB7Q0 with PID 10880 (C:\Users\Lenovo\workspace\infosys_code_assignment\customer\target\classes started by Lenovo in C:\Users\Lenovo\workspace\infosys_code_assignment\customer)
2025-08-22T11:06:32.601+0530 [main] INFO  c.r.customer.CustomerApplication - No active profile set, falling back to 1 default profile: "default"
2025-08-22T11:06:33.528+0530 [main] INFO  o.s.d.r.c.RepositoryConfigurationDelegate - Bootstrapping Spring Data JPA repositories in DEFAULT mode.
2025-08-22T11:06:33.609+0530 [main] INFO  o.s.d.r.c.RepositoryConfigurationDelegate - Finished Spring Data repository scanning in 67 ms. Found 1 JPA repository interfaces.
2025-08-22T11:06:34.382+0530 [main] INFO  o.s.b.w.e.tomcat.TomcatWebServer - Tomcat initialized with port(s): 8080 (http)
2025-08-22T11:06:34.397+0530 [main] INFO  o.a.catalina.core.StandardService - Starting service [Tomcat]
2025-08-22T11:06:34.398+0530 [main] INFO  o.a.catalina.core.StandardEngine - Starting Servlet engine: [Apache Tomcat/9.0.83]
2025-08-22T11:06:34.760+0530 [main] INFO  o.a.c.c.C.[Tomcat].[localhost].[/] - Initializing Spring embedded WebApplicationContext
2025-08-22T11:06:34.760+0530 [main] INFO  o.s.b.w.s.c.ServletWebServerApplicationContext - Root WebApplicationContext: initialization completed in 2075 ms
2025-08-22T11:06:34.795+0530 [main] INFO  com.zaxxer.hikari.HikariDataSource - HikariPool-1 - Starting...
2025-08-22T11:06:35.141+0530 [main] INFO  com.zaxxer.hikari.HikariDataSource - HikariPool-1 - Start completed.
2025-08-22T11:06:35.197+0530 [main] INFO  o.s.b.a.h.H2ConsoleAutoConfiguration - H2 console available at '/h2-console'. Database available at 'jdbc:h2:mem:rewards'
2025-08-22T11:06:35.439+0530 [main] INFO  o.h.jpa.internal.util.LogHelper - HHH000204: Processing PersistenceUnitInfo [name: default]
2025-08-22T11:06:35.573+0530 [main] INFO  org.hibernate.Version - HHH000412: Hibernate ORM core version 5.6.15.Final
2025-08-22T11:06:35.931+0530 [main] INFO  o.h.annotations.common.Version - HCANN000001: Hibernate Commons Annotations {5.1.2.Final}
2025-08-22T11:06:36.231+0530 [main] INFO  org.hibernate.dialect.Dialect - HHH000400: Using dialect: org.hibernate.dialect.H2Dialect
2025-08-22T11:06:38.045+0530 [main] INFO  o.h.e.t.j.p.i.JtaPlatformInitiator - HHH000490: Using JtaPlatform implementation: [org.hibernate.engine.transaction.jta.platform.internal.NoJtaPlatform]
2025-08-22T11:06:38.077+0530 [main] INFO  o.s.o.j.LocalContainerEntityManagerFactoryBean - Initialized JPA EntityManagerFactory for persistence unit 'default'
2025-08-22T11:06:39.090+0530 [main] WARN  o.s.b.a.o.j.JpaBaseConfiguration$JpaWebConfiguration - spring.jpa.open-in-view is enabled by default. Therefore, database queries may be performed during view rendering. Explicitly configure spring.jpa.open-in-view to disable this warning
2025-08-22T11:06:39.849+0530 [main] INFO  o.s.b.w.e.tomcat.TomcatWebServer - Tomcat started on port(s): 8080 (http) with context path ''
2025-08-22T11:06:40.044+0530 [main] INFO  c.r.customer.CustomerApplication - Started CustomerApplication in 8.221 seconds (JVM running for 9.914)
2025-08-22T11:07:35.896+0530 [http-nio-8080-exec-2] INFO  o.a.c.c.C.[Tomcat].[localhost].[/] - Initializing Spring DispatcherServlet 'dispatcherServlet'
2025-08-22T11:07:44.265+0530 [http-nio-8080-exec-2] INFO  c.r.c.controller.RewardController - Received request to save the details for the user: Deepa
2025-08-22T11:07:44.265+0530 [http-nio-8080-exec-2] INFO  c.r.c.serviceImpl.RewardServiceImpl - Attempting to save customer details for the User: Deepa
2025-08-22T11:07:51.004+0530 [http-nio-8080-exec-2] INFO  c.r.c.serviceImpl.RewardServiceImpl - Customer details are successfully saved for the user: Deepa
2025-08-22T11:07:51.005+0530 [http-nio-8080-exec-2] INFO  c.r.c.controller.RewardController - Successfully saved the details in our database for the user: Deepa
2025-08-22T11:07:54.841+0530 [http-nio-8080-exec-3] INFO  c.r.c.controller.RewardController - Received request to save the details for the user: Deepa
2025-08-22T11:07:54.841+0530 [http-nio-8080-exec-3] INFO  c.r.c.serviceImpl.RewardServiceImpl - Attempting to save customer details for the User: Deepa
2025-08-22T11:07:54.843+0530 [http-nio-8080-exec-3] INFO  c.r.c.serviceImpl.RewardServiceImpl - Customer details are successfully saved for the user: Deepa
2025-08-22T11:07:54.843+0530 [http-nio-8080-exec-3] INFO  c.r.c.controller.RewardController - Successfully saved the details in our database for the user: Deepa
2025-08-22T11:07:56.102+0530 [http-nio-8080-exec-4] INFO  c.r.c.controller.RewardController - Received request to save the details for the user: Deepa
2025-08-22T11:07:56.102+0530 [http-nio-8080-exec-4] INFO  c.r.c.serviceImpl.RewardServiceImpl - Attempting to save customer details for the User: Deepa
2025-08-22T11:07:56.104+0530 [http-nio-8080-exec-4] INFO  c.r.c.serviceImpl.RewardServiceImpl - Customer details are successfully saved for the user: Deepa
2025-08-22T11:07:56.104+0530 [http-nio-8080-exec-4] INFO  c.r.c.controller.RewardController - Successfully saved the details in our database for the user: Deepa
2025-08-22T11:08:02.412+0530 [http-nio-8080-exec-5] INFO  c.r.c.controller.RewardController - Received request to get the details for the user of phone number: 9945888344
2025-08-22T11:08:02.416+0530 [RewardExecutor-1] INFO  c.r.c.serviceImpl.RewardServiceImpl - Attempting to fetch customer details for User with phone number: 9945888344
2025-08-22T11:08:12.578+0530 [RewardExecutor-1] INFO  c.r.c.serviceImpl.RewardServiceImpl - Successfully fetched the details of the User
2025-08-22T11:09:32.995+0530 [HikariPool-1 housekeeper] WARN  com.zaxxer.hikari.pool.HikariPool - HikariPool-1 - Thread starvation or clock leap detected (housekeeper delta=1m23s503ms11µs600ns).
2025-08-22T11:09:33.011+0530 [http-nio-8080-exec-5] INFO  c.r.c.controller.RewardController - Successfully processed rewards for phone number: 9945888344
2025-08-22T11:09:33.420+0530 [SpringApplicationShutdownHook] INFO  o.s.o.j.LocalContainerEntityManagerFactoryBean - Closing JPA EntityManagerFactory for persistence unit 'default'
2025-08-22T11:09:33.428+0530 [SpringApplicationShutdownHook] INFO  com.zaxxer.hikari.HikariDataSource - HikariPool-1 - Shutdown initiated...
2025-08-22T11:09:33.428+0530 [SpringApplicationShutdownHook] INFO  com.zaxxer.hikari.HikariDataSource - HikariPool-1 - Shutdown completed.
2025-08-22T11:20:14.347+0530 [main] INFO  c.r.customer.CustomerApplication - Starting CustomerApplication using Java 1.8.0_451 on DESKTOP-AEIB7Q0 with PID 14464 (C:\Users\Lenovo\workspace\infosys_code_assignment\customer\target\classes started by Lenovo in C:\Users\Lenovo\workspace\infosys_code_assignment\customer)
2025-08-22T11:20:14.350+0530 [main] INFO  c.r.customer.CustomerApplication - No active profile set, falling back to 1 default profile: "default"
2025-08-22T11:20:14.880+0530 [main] INFO  o.s.d.r.c.RepositoryConfigurationDelegate - Bootstrapping Spring Data JPA repositories in DEFAULT mode.
2025-08-22T11:20:14.926+0530 [main] INFO  o.s.d.r.c.RepositoryConfigurationDelegate - Finished Spring Data repository scanning in 39 ms. Found 1 JPA repository interfaces.
2025-08-22T11:20:15.328+0530 [main] INFO  o.s.b.w.e.tomcat.TomcatWebServer - Tomcat initialized with port(s): 8080 (http)
2025-08-22T11:20:15.333+0530 [main] INFO  o.a.catalina.core.StandardService - Starting service [Tomcat]
2025-08-22T11:20:15.333+0530 [main] INFO  o.a.catalina.core.StandardEngine - Starting Servlet engine: [Apache Tomcat/9.0.83]
2025-08-22T11:20:15.477+0530 [main] INFO  o.a.c.c.C.[Tomcat].[localhost].[/] - Initializing Spring embedded WebApplicationContext
2025-08-22T11:20:15.478+0530 [main] INFO  o.s.b.w.s.c.ServletWebServerApplicationContext - Root WebApplicationContext: initialization completed in 1093 ms
2025-08-22T11:20:15.500+0530 [main] INFO  com.zaxxer.hikari.HikariDataSource - HikariPool-1 - Starting...
2025-08-22T11:20:15.656+0530 [main] INFO  com.zaxxer.hikari.HikariDataSource - HikariPool-1 - Start completed.
2025-08-22T11:20:15.666+0530 [main] INFO  o.s.b.a.h.H2ConsoleAutoConfiguration - H2 console available at '/h2-console'. Database available at 'jdbc:h2:mem:rewards'
2025-08-22T11:20:15.749+0530 [main] INFO  o.h.jpa.internal.util.LogHelper - HHH000204: Processing PersistenceUnitInfo [name: default]
2025-08-22T11:20:15.784+0530 [main] INFO  org.hibernate.Version - HHH000412: Hibernate ORM core version 5.6.15.Final
2025-08-22T11:20:15.906+0530 [main] INFO  o.h.annotations.common.Version - HCANN000001: Hibernate Commons Annotations {5.1.2.Final}
2025-08-22T11:20:15.991+0530 [main] INFO  org.hibernate.dialect.Dialect - HHH000400: Using dialect: org.hibernate.dialect.H2Dialect
2025-08-22T11:20:16.514+0530 [main] INFO  o.h.e.t.j.p.i.JtaPlatformInitiator - HHH000490: Using JtaPlatform implementation: [org.hibernate.engine.transaction.jta.platform.internal.NoJtaPlatform]
2025-08-22T11:20:16.523+0530 [main] INFO  o.s.o.j.LocalContainerEntityManagerFactoryBean - Initialized JPA EntityManagerFactory for persistence unit 'default'
2025-08-22T11:20:16.813+0530 [main] WARN  o.s.b.a.o.j.JpaBaseConfiguration$JpaWebConfiguration - spring.jpa.open-in-view is enabled by default. Therefore, database queries may be performed during view rendering. Explicitly configure spring.jpa.open-in-view to disable this warning
2025-08-22T11:20:17.095+0530 [main] INFO  o.s.b.w.e.tomcat.TomcatWebServer - Tomcat started on port(s): 8080 (http) with context path ''
2025-08-22T11:20:17.103+0530 [main] INFO  c.r.customer.CustomerApplication - Started CustomerApplication in 3.208 seconds (JVM running for 4.115)
2025-08-22T11:20:31.086+0530 [http-nio-8080-exec-1] INFO  o.a.c.c.C.[Tomcat].[localhost].[/] - Initializing Spring DispatcherServlet 'dispatcherServlet'
2025-08-22T11:20:31.351+0530 [http-nio-8080-exec-1] INFO  c.r.c.controller.RewardController - Received request to save the details for the user: Deepa
2025-08-22T11:20:31.352+0530 [http-nio-8080-exec-1] INFO  c.r.c.serviceImpl.RewardServiceImpl - Attempting to save customer details for the User: Deepa
2025-08-22T11:20:31.404+0530 [http-nio-8080-exec-1] INFO  c.r.c.serviceImpl.RewardServiceImpl - Customer details are successfully saved for the user: Deepa
2025-08-22T11:20:31.404+0530 [http-nio-8080-exec-1] INFO  c.r.c.controller.RewardController - Successfully saved the details in our database for the user: Deepa
2025-08-22T11:20:32.848+0530 [http-nio-8080-exec-6] INFO  c.r.c.controller.RewardController - Received request to save the details for the user: Deepa
2025-08-22T11:20:32.848+0530 [http-nio-8080-exec-6] INFO  c.r.c.serviceImpl.RewardServiceImpl - Attempting to save customer details for the User: Deepa
2025-08-22T11:20:32.850+0530 [http-nio-8080-exec-6] INFO  c.r.c.serviceImpl.RewardServiceImpl - Customer details are successfully saved for the user: Deepa
2025-08-22T11:20:32.851+0530 [http-nio-8080-exec-6] INFO  c.r.c.controller.RewardController - Successfully saved the details in our database for the user: Deepa
2025-08-22T11:20:34.161+0530 [http-nio-8080-exec-4] INFO  c.r.c.controller.RewardController - Received request to save the details for the user: Deepa
2025-08-22T11:20:34.161+0530 [http-nio-8080-exec-4] INFO  c.r.c.serviceImpl.RewardServiceImpl - Attempting to save customer details for the User: Deepa
2025-08-22T11:20:34.161+0530 [http-nio-8080-exec-4] INFO  c.r.c.serviceImpl.RewardServiceImpl - Customer details are successfully saved for the user: Deepa
2025-08-22T11:20:34.161+0530 [http-nio-8080-exec-4] INFO  c.r.c.controller.RewardController - Successfully saved the details in our database for the user: Deepa
2025-08-22T11:20:37.713+0530 [http-nio-8080-exec-8] INFO  c.r.c.controller.RewardController - Received request to get the details for the user of phone number: 9945888344
2025-08-22T11:20:37.715+0530 [RewardExecutor-1] INFO  c.r.c.serviceImpl.RewardServiceImpl - Attempting to fetch customer details for User with phone number: 9945888344
2025-08-22T11:20:37.820+0530 [RewardExecutor-1] INFO  c.r.c.serviceImpl.RewardServiceImpl - Successfully fetched the details of the User
2025-08-22T11:20:37.822+0530 [http-nio-8080-exec-8] INFO  c.r.c.controller.RewardController - Successfully processed rewards for phone number: 9945888344
2025-08-22T11:31:57.877+0530 [SpringApplicationShutdownHook] INFO  o.s.o.j.LocalContainerEntityManagerFactoryBean - Closing JPA EntityManagerFactory for persistence unit 'default'
2025-08-22T11:31:57.885+0530 [SpringApplicationShutdownHook] INFO  com.zaxxer.hikari.HikariDataSource - HikariPool-1 - Shutdown initiated...
2025-08-22T11:31:57.888+0530 [SpringApplicationShutdownHook] INFO  com.zaxxer.hikari.HikariDataSource - HikariPool-1 - Shutdown completed.
2025-08-22T11:32:29.290+0530 [main] INFO  c.r.customer.CustomerApplication - Starting CustomerApplication using Java 1.8.0_451 on DESKTOP-AEIB7Q0 with PID 22424 (C:\Users\Lenovo\workspace\infosys_code_assignment\customer\target\classes started by Lenovo in C:\Users\Lenovo\workspace\infosys_code_assignment\customer)
2025-08-22T11:32:29.292+0530 [main] INFO  c.r.customer.CustomerApplication - No active profile set, falling back to 1 default profile: "default"
2025-08-22T11:32:29.895+0530 [main] INFO  o.s.d.r.c.RepositoryConfigurationDelegate - Bootstrapping Spring Data JPA repositories in DEFAULT mode.
2025-08-22T11:32:29.940+0530 [main] INFO  o.s.d.r.c.RepositoryConfigurationDelegate - Finished Spring Data repository scanning in 39 ms. Found 1 JPA repository interfaces.
2025-08-22T11:32:30.395+0530 [main] INFO  o.s.b.w.e.tomcat.TomcatWebServer - Tomcat initialized with port(s): 8080 (http)
2025-08-22T11:32:30.403+0530 [main] INFO  o.a.catalina.core.StandardService - Starting service [Tomcat]
2025-08-22T11:32:30.403+0530 [main] INFO  o.a.catalina.core.StandardEngine - Starting Servlet engine: [Apache Tomcat/9.0.83]
2025-08-22T11:32:30.555+0530 [main] INFO  o.a.c.c.C.[Tomcat].[localhost].[/] - Initializing Spring embedded WebApplicationContext
2025-08-22T11:32:30.555+0530 [main] INFO  o.s.b.w.s.c.ServletWebServerApplicationContext - Root WebApplicationContext: initialization completed in 1226 ms
2025-08-22T11:32:30.578+0530 [main] INFO  com.zaxxer.hikari.HikariDataSource - HikariPool-1 - Starting...
2025-08-22T11:32:30.766+0530 [main] INFO  com.zaxxer.hikari.HikariDataSource - HikariPool-1 - Start completed.
2025-08-22T11:32:30.776+0530 [main] INFO  o.s.b.a.h.H2ConsoleAutoConfiguration - H2 console available at '/h2-console'. Database available at 'jdbc:h2:mem:rewards'
2025-08-22T11:32:30.870+0530 [main] INFO  o.h.jpa.internal.util.LogHelper - HHH000204: Processing PersistenceUnitInfo [name: default]
2025-08-22T11:32:30.926+0530 [main] INFO  org.hibernate.Version - HHH000412: Hibernate ORM core version 5.6.15.Final
2025-08-22T11:32:31.059+0530 [main] INFO  o.h.annotations.common.Version - HCANN000001: Hibernate Commons Annotations {5.1.2.Final}
2025-08-22T11:32:31.175+0530 [main] INFO  org.hibernate.dialect.Dialect - HHH000400: Using dialect: org.hibernate.dialect.H2Dialect
2025-08-22T11:32:31.774+0530 [main] INFO  o.h.e.t.j.p.i.JtaPlatformInitiator - HHH000490: Using JtaPlatform implementation: [org.hibernate.engine.transaction.jta.platform.internal.NoJtaPlatform]
2025-08-22T11:32:31.784+0530 [main] INFO  o.s.o.j.LocalContainerEntityManagerFactoryBean - Initialized JPA EntityManagerFactory for persistence unit 'default'
2025-08-22T11:32:32.105+0530 [main] WARN  o.s.b.a.o.j.JpaBaseConfiguration$JpaWebConfiguration - spring.jpa.open-in-view is enabled by default. Therefore, database queries may be performed during view rendering. Explicitly configure spring.jpa.open-in-view to disable this warning
2025-08-22T11:32:32.408+0530 [main] INFO  o.s.b.w.e.tomcat.TomcatWebServer - Tomcat started on port(s): 8080 (http) with context path ''
2025-08-22T11:32:32.416+0530 [main] INFO  c.r.customer.CustomerApplication - Started CustomerApplication in 3.632 seconds (JVM running for 4.533)
2025-08-22T11:32:47.807+0530 [http-nio-8080-exec-1] INFO  o.a.c.c.C.[Tomcat].[localhost].[/] - Initializing Spring DispatcherServlet 'dispatcherServlet'
2025-08-22T11:32:48.158+0530 [http-nio-8080-exec-1] INFO  c.r.c.controller.RewardController - Received request to save the details for the user: Deepa
2025-08-22T11:32:48.159+0530 [http-nio-8080-exec-1] INFO  c.r.c.serviceImpl.RewardServiceImpl - Attempting to save customer details for the User: Deepa
2025-08-22T11:32:48.220+0530 [http-nio-8080-exec-1] INFO  c.r.c.serviceImpl.RewardServiceImpl - Customer details are successfully saved for the user: Deepa
2025-08-22T11:32:48.220+0530 [http-nio-8080-exec-1] INFO  c.r.c.controller.RewardController - Successfully saved the details in our database for the user: Deepa
2025-08-22T11:32:49.788+0530 [http-nio-8080-exec-3] INFO  c.r.c.controller.RewardController - Received request to save the details for the user: Deepa
2025-08-22T11:32:49.788+0530 [http-nio-8080-exec-3] INFO  c.r.c.serviceImpl.RewardServiceImpl - Attempting to save customer details for the User: Deepa
2025-08-22T11:32:49.790+0530 [http-nio-8080-exec-3] INFO  c.r.c.serviceImpl.RewardServiceImpl - Customer details are successfully saved for the user: Deepa
2025-08-22T11:32:49.790+0530 [http-nio-8080-exec-3] INFO  c.r.c.controller.RewardController - Successfully saved the details in our database for the user: Deepa
2025-08-22T11:32:51.084+0530 [http-nio-8080-exec-5] INFO  c.r.c.controller.RewardController - Received request to save the details for the user: Deepa
2025-08-22T11:32:51.084+0530 [http-nio-8080-exec-5] INFO  c.r.c.serviceImpl.RewardServiceImpl - Attempting to save customer details for the User: Deepa
2025-08-22T11:32:51.086+0530 [http-nio-8080-exec-5] INFO  c.r.c.serviceImpl.RewardServiceImpl - Customer details are successfully saved for the user: Deepa
2025-08-22T11:32:51.086+0530 [http-nio-8080-exec-5] INFO  c.r.c.controller.RewardController - Successfully saved the details in our database for the user: Deepa
2025-08-22T11:32:54.944+0530 [http-nio-8080-exec-6] INFO  c.r.c.controller.RewardController - Received request to get the details for the user of phone number: 9945888344
2025-08-22T11:32:54.946+0530 [RewardExecutor-1] INFO  c.r.c.serviceImpl.RewardServiceImpl - Attempting to fetch customer details for User with phone number: 9945888344
2025-08-22T11:32:55.087+0530 [RewardExecutor-1] INFO  c.r.c.serviceImpl.RewardServiceImpl - Successfully fetched the details of the User
2025-08-22T11:32:55.090+0530 [http-nio-8080-exec-6] INFO  c.r.c.controller.RewardController - Successfully processed rewards for phone number: 9945888344
2025-08-22T11:33:00.870+0530 [http-nio-8080-exec-8] INFO  c.r.c.controller.RewardController - Received request to get the details for the user of phone number: 994588834
2025-08-22T11:33:00.871+0530 [RewardExecutor-2] INFO  c.r.c.serviceImpl.RewardServiceImpl - Attempting to fetch customer details for User with phone number: 994588834
2025-08-22T11:33:00.872+0530 [RewardExecutor-2] INFO  c.r.c.serviceImpl.RewardServiceImpl - Successfully fetched the details of the User
2025-08-22T11:33:26.356+0530 [http-nio-8080-exec-10] INFO  c.r.c.controller.RewardController - Received request to save the details for the user: Deepa
2025-08-22T11:33:26.356+0530 [http-nio-8080-exec-10] INFO  c.r.c.serviceImpl.RewardServiceImpl - Attempting to save customer details for the User: Deepa
2025-08-22T11:33:26.358+0530 [http-nio-8080-exec-10] INFO  c.r.c.serviceImpl.RewardServiceImpl - Customer details are successfully saved for the user: Deepa
2025-08-22T11:33:26.358+0530 [http-nio-8080-exec-10] INFO  c.r.c.controller.RewardController - Successfully saved the details in our database for the user: Deepa
2025-08-22T11:33:38.837+0530 [http-nio-8080-exec-9] INFO  c.r.c.controller.RewardController - Received request to get the details for the user of phone number: 9945888344
2025-08-22T11:33:38.838+0530 [RewardExecutor-3] INFO  c.r.c.serviceImpl.RewardServiceImpl - Attempting to fetch customer details for User with phone number: 9945888344
2025-08-22T11:33:38.840+0530 [RewardExecutor-3] INFO  c.r.c.serviceImpl.RewardServiceImpl - Successfully fetched the details of the User
2025-08-22T11:33:38.840+0530 [http-nio-8080-exec-9] INFO  c.r.c.controller.RewardController - Successfully processed rewards for phone number: 9945888344
2025-08-22T11:33:55.755+0530 [http-nio-8080-exec-4] INFO  c.r.c.controller.RewardController - Received request to save the details for the user: Deepa
2025-08-22T11:33:55.756+0530 [http-nio-8080-exec-4] INFO  c.r.c.serviceImpl.RewardServiceImpl - Attempting to save customer details for the User: Deepa
2025-08-22T11:33:55.757+0530 [http-nio-8080-exec-4] INFO  c.r.c.serviceImpl.RewardServiceImpl - Customer details are successfully saved for the user: Deepa
2025-08-22T11:33:55.758+0530 [http-nio-8080-exec-4] INFO  c.r.c.controller.RewardController - Successfully saved the details in our database for the user: Deepa
2025-08-22T11:34:00.990+0530 [http-nio-8080-exec-7] INFO  c.r.c.controller.RewardController - Received request to save the details for the user: Deepa
2025-08-22T11:34:00.990+0530 [http-nio-8080-exec-7] INFO  c.r.c.serviceImpl.RewardServiceImpl - Attempting to save customer details for the User: Deepa
2025-08-22T11:34:00.992+0530 [http-nio-8080-exec-7] INFO  c.r.c.serviceImpl.RewardServiceImpl - Customer details are successfully saved for the user: Deepa
2025-08-22T11:34:00.992+0530 [http-nio-8080-exec-7] INFO  c.r.c.controller.RewardController - Successfully saved the details in our database for the user: Deepa
2025-08-22T11:34:10.929+0530 [http-nio-8080-exec-2] INFO  c.r.c.controller.RewardController - Received request to get the details for the user of phone number: 9945888344
2025-08-22T11:34:10.930+0530 [RewardExecutor-4] INFO  c.r.c.serviceImpl.RewardServiceImpl - Attempting to fetch customer details for User with phone number: 9945888344
2025-08-22T11:34:10.932+0530 [RewardExecutor-4] INFO  c.r.c.serviceImpl.RewardServiceImpl - Successfully fetched the details of the User
2025-08-22T11:34:10.935+0530 [http-nio-8080-exec-2] INFO  c.r.c.controller.RewardController - Successfully processed rewards for phone number: 9945888344
2025-08-22T11:34:19.281+0530 [http-nio-8080-exec-1] INFO  c.r.c.controller.RewardController - Received request to save the details for the user: Deepa
2025-08-22T11:34:19.282+0530 [http-nio-8080-exec-1] INFO  c.r.c.serviceImpl.RewardServiceImpl - Attempting to save customer details for the User: Deepa
2025-08-22T11:34:19.283+0530 [http-nio-8080-exec-1] INFO  c.r.c.serviceImpl.RewardServiceImpl - Customer details are successfully saved for the user: Deepa
2025-08-22T11:34:19.283+0530 [http-nio-8080-exec-1] INFO  c.r.c.controller.RewardController - Successfully saved the details in our database for the user: Deepa
2025-08-22T11:34:25.569+0530 [http-nio-8080-exec-3] INFO  c.r.c.controller.RewardController - Received request to get the details for the user of phone number: 9945888344
2025-08-22T11:34:25.569+0530 [RewardExecutor-5] INFO  c.r.c.serviceImpl.RewardServiceImpl - Attempting to fetch customer details for User with phone number: 9945888344
2025-08-22T11:34:25.572+0530 [RewardExecutor-5] INFO  c.r.c.serviceImpl.RewardServiceImpl - Successfully fetched the details of the User
2025-08-22T11:34:25.572+0530 [http-nio-8080-exec-3] INFO  c.r.c.controller.RewardController - Successfully processed rewards for phone number: 9945888344
2025-08-22T11:58:23.626+0530 [SpringApplicationShutdownHook] INFO  o.s.o.j.LocalContainerEntityManagerFactoryBean - Closing JPA EntityManagerFactory for persistence unit 'default'
2025-08-22T11:58:23.637+0530 [SpringApplicationShutdownHook] INFO  com.zaxxer.hikari.HikariDataSource - HikariPool-1 - Shutdown initiated...
2025-08-22T11:58:23.641+0530 [SpringApplicationShutdownHook] INFO  com.zaxxer.hikari.HikariDataSource - HikariPool-1 - Shutdown completed.
2025-08-22T12:01:04.113+0530 [main] INFO  c.r.customer.CustomerApplication - Starting CustomerApplication using Java 1.8.0_451 on DESKTOP-AEIB7Q0 with PID 15288 (C:\Users\Lenovo\workspace\infosys_code_assignment\customer\target\classes started by Lenovo in C:\Users\Lenovo\workspace\infosys_code_assignment\customer)
2025-08-22T12:01:04.115+0530 [main] INFO  c.r.customer.CustomerApplication - No active profile set, falling back to 1 default profile: "default"
2025-08-22T12:01:04.659+0530 [main] INFO  o.s.d.r.c.RepositoryConfigurationDelegate - Bootstrapping Spring Data JPA repositories in DEFAULT mode.
2025-08-22T12:01:04.705+0530 [main] INFO  o.s.d.r.c.RepositoryConfigurationDelegate - Finished Spring Data repository scanning in 39 ms. Found 1 JPA repository interfaces.
2025-08-22T12:01:05.154+0530 [main] INFO  o.s.b.w.e.tomcat.TomcatWebServer - Tomcat initialized with port(s): 8080 (http)
2025-08-22T12:01:05.163+0530 [main] INFO  o.a.catalina.core.StandardService - Starting service [Tomcat]
2025-08-22T12:01:05.164+0530 [main] INFO  o.a.catalina.core.StandardEngine - Starting Servlet engine: [Apache Tomcat/9.0.83]
2025-08-22T12:01:05.319+0530 [main] INFO  o.a.c.c.C.[Tomcat].[localhost].[/] - Initializing Spring embedded WebApplicationContext
2025-08-22T12:01:05.319+0530 [main] INFO  o.s.b.w.s.c.ServletWebServerApplicationContext - Root WebApplicationContext: initialization completed in 1167 ms
2025-08-22T12:01:05.342+0530 [main] INFO  com.zaxxer.hikari.HikariDataSource - HikariPool-1 - Starting...
2025-08-22T12:01:05.533+0530 [main] INFO  com.zaxxer.hikari.HikariDataSource - HikariPool-1 - Start completed.
2025-08-22T12:01:05.542+0530 [main] INFO  o.s.b.a.h.H2ConsoleAutoConfiguration - H2 console available at '/h2-console'. Database available at 'jdbc:h2:mem:rewards'
2025-08-22T12:01:05.632+0530 [main] INFO  o.h.jpa.internal.util.LogHelper - HHH000204: Processing PersistenceUnitInfo [name: default]
2025-08-22T12:01:05.693+0530 [main] INFO  org.hibernate.Version - HHH000412: Hibernate ORM core version 5.6.15.Final
2025-08-22T12:01:05.829+0530 [main] INFO  o.h.annotations.common.Version - HCANN000001: Hibernate Commons Annotations {5.1.2.Final}
2025-08-22T12:01:05.952+0530 [main] INFO  org.hibernate.dialect.Dialect - HHH000400: Using dialect: org.hibernate.dialect.H2Dialect
2025-08-22T12:01:06.563+0530 [main] INFO  o.h.e.t.j.p.i.JtaPlatformInitiator - HHH000490: Using JtaPlatform implementation: [org.hibernate.engine.transaction.jta.platform.internal.NoJtaPlatform]
2025-08-22T12:01:06.573+0530 [main] INFO  o.s.o.j.LocalContainerEntityManagerFactoryBean - Initialized JPA EntityManagerFactory for persistence unit 'default'
2025-08-22T12:01:06.884+0530 [main] WARN  o.s.b.a.o.j.JpaBaseConfiguration$JpaWebConfiguration - spring.jpa.open-in-view is enabled by default. Therefore, database queries may be performed during view rendering. Explicitly configure spring.jpa.open-in-view to disable this warning
2025-08-22T12:01:07.168+0530 [main] INFO  o.s.b.w.e.tomcat.TomcatWebServer - Tomcat started on port(s): 8080 (http) with context path ''
2025-08-22T12:01:07.176+0530 [main] INFO  c.r.customer.CustomerApplication - Started CustomerApplication in 3.597 seconds (JVM running for 4.514)
2025-08-22T12:02:31.224+0530 [SpringApplicationShutdownHook] INFO  o.s.o.j.LocalContainerEntityManagerFactoryBean - Closing JPA EntityManagerFactory for persistence unit 'default'
2025-08-22T12:02:31.228+0530 [SpringApplicationShutdownHook] INFO  com.zaxxer.hikari.HikariDataSource - HikariPool-1 - Shutdown initiated...
2025-08-22T12:02:31.230+0530 [SpringApplicationShutdownHook] INFO  com.zaxxer.hikari.HikariDataSource - HikariPool-1 - Shutdown completed.
